#
# A fatal error has been detected by the Java Runtime Environment:
#
#  SIGSEGV (0xb) at pc=0x00007ff8094b9c4f, pid=5231, tid=0x000000000001128b
#
# JRE version: Java(TM) SE Runtime Environment (8.0_111-b14) (build 1.8.0_111-b14)
# Java VM: Java HotSpot(TM) 64-Bit Server VM (25.111-b14 mixed mode bsd-amd64 compressed oops)
# Problematic frame:
# C  [libobjc.A.dylib+0x8c4f]  objc_release+0x1f
#
# Failed to write core dump. Core dumps have been disabled. To enable core dumping, try "ulimit -c unlimited" before starting Java again
#
# If you would like to submit a bug report, please visit:
#   http://bugreport.java.com/bugreport/crash.jsp
# The crash happened outside the Java Virtual Machine in native code.
# See problematic frame for where to report the bug.
#

---------------  T H R E A D  ---------------

Current thread (0x00007fa628a3e000):  JavaThread "jME3 Main" [_thread_in_native, id=70283, stack(0x000070000db6f000,0x000070000dc6f000)]

siginfo: si_signo: 11 (SIGSEGV), si_code: 1 (SEGV_MAPERR), si_addr: 0x000056f6fdd29a30

Registers:
RAX=0x000056f6fdd29a10, RBX=0x0000000000000001, RCX=0x000056f6fdd29a10, RDX=0x0000000000000006
RSP=0x000070000dc6e408, RBP=0x000070000dc6e440, RSI=0x00007ff823d7a214, RDI=0x0000600000f59a10
R8 =0x0000000000000080, R9 =0x00007fa628a63ae0, R10=0x000000011fa39c60, R11=0x00007ff80c0e013b
R12=0x0000600000f59a10, R13=0xa3a3a3a3a3a3a3a3, R14=0x00007fa628b56090, R15=0x00007fa628b56000
RIP=0x00007ff8094b9c4f, EFLAGS=0x0000000000010202, ERR=0x0000000000000004
  TRAPNO=0x000000000000000e

Top of Stack: (sp=0x000070000dc6e408)
0x000070000dc6e408:   00007ff8094be19f a50f115e4a1e0000
0x000070000dc6e418:   00007fa628b56000 0000600000f10d20
0x000070000dc6e428:   0000000151ee2d20 00007ff823d7a214
0x000070000dc6e438:   0000600000f10d20 000070000dc6e460
0x000070000dc6e448:   00007ff8094bb160 a50f115e4a1e005c
0x000070000dc6e458:   00007fa628b56090 000070000dc6e480
0x000070000dc6e468:   00007ff8096abf7c a50f115e4a1e005c
0x000070000dc6e478:   0000600002522520 000070000dc6e4c0
0x000070000dc6e488:   00007ff80a50eded 00007ff849528bf0
0x000070000dc6e498:   0000000000000000 a50f115e4a1e005c
0x000070000dc6e4a8:   0000600002522520 0000600000fa7900
0x000070000dc6e4b8:   00007fa628a3e1f8 000070000dc6e4f0
0x000070000dc6e4c8:   000000011fa11cce 0000000151ee2d28
0x000070000dc6e4d8:   0000000000000000 000070000dc6e578
0x000070000dc6e4e8:   00007fa628a3e000 000070000dc6e550
0x000070000dc6e4f8:   000000010c10a9f4 000000010c1169a3
0x000070000dc6e508:   000000010c10a742 000070000dc6e510
0x000070000dc6e518:   0000000151ee2d20 000070000dc6e578
0x000070000dc6e528:   0000000151ee3288 0000000000000000
0x000070000dc6e538:   0000000151ee2d28 0000000000000000
0x000070000dc6e548:   000070000dc6e570 000070000dc6e5c0
0x000070000dc6e558:   000000010c0fb2bd 000000079664bd78
0x000070000dc6e568:   000000010c104538 0000000796658e88
0x000070000dc6e578:   00000007965b5148 000070000dc6e580
0x000070000dc6e588:   0000000151ee2c27 000070000dc6e5f0
0x000070000dc6e598:   0000000151ee3288 0000000000000000
0x000070000dc6e5a8:   0000000151ee2c98 000070000dc6e570
0x000070000dc6e5b8:   000070000dc6e5e0 000070000dc6e648
0x000070000dc6e5c8:   000000010c0fb302 0000000000000000
0x000070000dc6e5d8:   00000007965b5148 0000000796658e88
0x000070000dc6e5e8:   00000007965b5090 000000079664be08
0x000070000dc6e5f8:   0000000000000001 000000079664be18 

Instructions: (pc=0x00007ff8094b9c4f)
0x00007ff8094b9c2f:   90 48 85 ff 74 76 89 f8 83 e0 01 48 85 c0 75 6c
0x00007ff8094b9c3f:   48 8b 07 48 b9 f8 ff ff ff ff 7f 00 00 48 21 c1
0x00007ff8094b9c4f:   48 8b 51 20 f6 c2 04 74 54 a8 01 74 6f 48 b9 00
0x00007ff8094b9c5f:   00 00 00 00 00 80 00 48 ba 00 00 00 00 00 00 00 

Register to memory mapping:

RAX=0x000056f6fdd29a10 is an unknown value
RBX=0x0000000000000001 is an unknown value
RCX=0x000056f6fdd29a10 is an unknown value
RDX=0x0000000000000006 is an unknown value
RSP=0x000070000dc6e408 is pointing into the stack for thread: 0x00007fa628a3e000
RBP=0x000070000dc6e440 is pointing into the stack for thread: 0x00007fa628a3e000
RSI=0x00007ff823d7a214: <offset 0x1a8c9214> in /usr/lib/libobjc.A.dylib at 0x00007ff8094b1000
RDI=0x0000600000f59a10 is an unknown value
R8 =0x0000000000000080 is an unknown value
R9 =0x00007fa628a63ae0 is an unknown value
R10=0x000000011fa39c60: OBJC_CLASS_$_MacOSXOpenGLView+0 in /Users/saradottorini/Desktop/HelloNode/liblwjgl.dylib at 0x000000011f9fb000
R11=0x00007ff80c0e013b: -[NSResponder release]+0 in /System/Library/Frameworks/AppKit.framework/Versions/C/AppKit at 0x00007ff80c0d5000
R12=0x0000600000f59a10 is an unknown value
R13=0xa3a3a3a3a3a3a3a3 is an unknown value
R14=0x00007fa628b56090 is an unknown value
R15=0x00007fa628b56000 is an unknown value


Stack: [0x000070000db6f000,0x000070000dc6f000],  sp=0x000070000dc6e408,  free space=1021k
Native frames: (J=compiled Java code, j=interpreted, Vv=VM code, C=native code)
C  [libobjc.A.dylib+0x8c4f]  objc_release+0x1f
C  [libobjc.A.dylib+0xa160]  objc_autoreleasePoolPop+0xa1
C  [CoreFoundation+0x41f7c]  _CFAutoreleasePoolPop+0x16
C  [Foundation+0x1eded]  -[NSAutoreleasePool release]+0x85
C  [liblwjgl.dylib+0x16cce]  Java_org_lwjgl_opengl_MacOSXContextImplementation_setView+0x10e
j  org.lwjgl.opengl.MacOSXContextImplementation.setView(Ljava/nio/ByteBuffer;Ljava/nio/ByteBuffer;)V+0
j  org.lwjgl.opengl.MacOSXContextImplementation.makeCurrent(Lorg/lwjgl/opengl/PeerInfo;Ljava/nio/ByteBuffer;)V+7
j  org.lwjgl.opengl.ContextGL.makeCurrent()V+46
j  org.lwjgl.opengl.DrawableGL.makeCurrent()V+14
j  org.lwjgl.opengl.Display.makeCurrent()V+3
j  org.lwjgl.opengl.Display.makeCurrentAndSetSwapInterval()V+0
j  org.lwjgl.opengl.Display.create(Lorg/lwjgl/opengl/PixelFormat;Lorg/lwjgl/opengl/Drawable;Lorg/lwjgl/opengl/ContextAttribs;)V+108
j  org.lwjgl.opengl.Display.create(Lorg/lwjgl/opengl/PixelFormat;)V+12
j  com.jme3.system.lwjgl.LwjglDisplay.createContext(Lcom/jme3/system/AppSettings;)V+408
j  com.jme3.system.lwjgl.LwjglAbstractDisplay.initInThread()Z+25
j  com.jme3.system.lwjgl.LwjglAbstractDisplay.run()V+36
j  java.lang.Thread.run()V+11
v  ~StubRoutines::call_stub
V  [libjvm.dylib+0x2ecf8a]
V  [libjvm.dylib+0x2ed718]
V  [libjvm.dylib+0x2ed8c4]
V  [libjvm.dylib+0x348039]
V  [libjvm.dylib+0x56a27b]
V  [libjvm.dylib+0x56b968]
V  [libjvm.dylib+0x489b0a]
C  [libsystem_pthread.dylib+0x6514]  _pthread_start+0x7d
C  [libsystem_pthread.dylib+0x202f]  thread_start+0xf
C  0x0000000000000000

Java frames: (J=compiled Java code, j=interpreted, Vv=VM code)
j  org.lwjgl.opengl.MacOSXContextImplementation.setView(Ljava/nio/ByteBuffer;Ljava/nio/ByteBuffer;)V+0
j  org.lwjgl.opengl.MacOSXContextImplementation.makeCurrent(Lorg/lwjgl/opengl/PeerInfo;Ljava/nio/ByteBuffer;)V+7
j  org.lwjgl.opengl.ContextGL.makeCurrent()V+46
j  org.lwjgl.opengl.DrawableGL.makeCurrent()V+14
j  org.lwjgl.opengl.Display.makeCurrent()V+3
j  org.lwjgl.opengl.Display.makeCurrentAndSetSwapInterval()V+0
j  org.lwjgl.opengl.Display.create(Lorg/lwjgl/opengl/PixelFormat;Lorg/lwjgl/opengl/Drawable;Lorg/lwjgl/opengl/ContextAttribs;)V+108
j  org.lwjgl.opengl.Display.create(Lorg/lwjgl/opengl/PixelFormat;)V+12
j  com.jme3.system.lwjgl.LwjglDisplay.createContext(Lcom/jme3/system/AppSettings;)V+408
j  com.jme3.system.lwjgl.LwjglAbstractDisplay.initInThread()Z+25
j  com.jme3.system.lwjgl.LwjglAbstractDisplay.run()V+36
j  java.lang.Thread.run()V+11
v  ~StubRoutines::call_stub

---------------  P R O C E S S  ---------------

Java Threads: ( => current thread )
  0x00007fa62a255000 JavaThread "DestroyJavaVM" [_thread_blocked, id=3331, stack(0x000070000c218000,0x000070000c318000)]
=>0x00007fa628a3e000 JavaThread "jME3 Main" [_thread_in_native, id=70283, stack(0x000070000db6f000,0x000070000dc6f000)]
  0x00007fa628967800 JavaThread "TimerQueue" daemon [_thread_blocked, id=1823, stack(0x000070000da6c000,0x000070000db6c000)]
  0x00007fa6289a8800 JavaThread "Image Fetcher 0" daemon [_thread_blocked, id=54559, stack(0x000070000d969000,0x000070000da69000)]
  0x00007fa62a0f3000 JavaThread "Timer-0" daemon [_thread_blocked, id=52771, stack(0x000070000d866000,0x000070000d966000)]
  0x00007fa628988000 JavaThread "Java2D Disposer" daemon [_thread_blocked, id=80131, stack(0x000070000d763000,0x000070000d863000)]
  0x00007fa62894b800 JavaThread "Java2D Queue Flusher" daemon [_thread_blocked, id=47111, stack(0x000070000d660000,0x000070000d760000)]
  0x00007fa629a6b000 JavaThread "AWT-EventQueue-0" [_thread_blocked, id=30987, stack(0x000070000d55d000,0x000070000d65d000)]
  0x00007fa628893000 JavaThread "AWT-Shutdown" [_thread_blocked, id=37147, stack(0x000070000d1cb000,0x000070000d2cb000)]
  0x00007fa628942800 JavaThread "AppKit Thread" daemon [_thread_in_native, id=259, stack(0x00007ff7bbd78000,0x00007ff7bc578000)]
  0x00007fa62b815000 JavaThread "Service Thread" daemon [_thread_blocked, id=14083, stack(0x000070000cf42000,0x000070000d042000)]
  0x00007fa62b809800 JavaThread "C1 CompilerThread2" daemon [_thread_blocked, id=13827, stack(0x000070000ce3f000,0x000070000cf3f000)]
  0x00007fa629848800 JavaThread "C2 CompilerThread1" daemon [_thread_blocked, id=13315, stack(0x000070000cd3c000,0x000070000ce3c000)]
  0x00007fa62984e000 JavaThread "C2 CompilerThread0" daemon [_thread_blocked, id=13059, stack(0x000070000cc39000,0x000070000cd39000)]
  0x00007fa629856800 JavaThread "Signal Dispatcher" daemon [_thread_blocked, id=18691, stack(0x000070000cb36000,0x000070000cc36000)]
  0x00007fa629847000 JavaThread "Finalizer" daemon [_thread_blocked, id=11523, stack(0x000070000c92d000,0x000070000ca2d000)]
  0x00007fa628823000 JavaThread "Reference Handler" daemon [_thread_blocked, id=20995, stack(0x000070000c82a000,0x000070000c92a000)]

Other Threads:
  0x00007fa629842800 VMThread [stack: 0x000070000c727000,0x000070000c827000] [id=11011]
  0x00007fa62985f000 WatcherThread [stack: 0x000070000d045000,0x000070000d145000] [id=17667]

VM state:not at safepoint (normal execution)

VM Mutex/Monitor currently owned by a thread: None

Heap:
 PSYoungGen      total 38400K, used 17822K [0x0000000795580000, 0x0000000798000000, 0x00000007c0000000)
  eden space 33280K, 53% used [0x0000000795580000,0x00000007966e7a40,0x0000000797600000)
  from space 5120K, 0% used [0x0000000797b00000,0x0000000797b00000,0x0000000798000000)
  to   space 5120K, 0% used [0x0000000797600000,0x0000000797600000,0x0000000797b00000)
 ParOldGen       total 87552K, used 0K [0x0000000740000000, 0x0000000745580000, 0x0000000795580000)
  object space 87552K, 0% used [0x0000000740000000,0x0000000740000000,0x0000000745580000)
 Metaspace       used 14105K, capacity 14354K, committed 14464K, reserved 1062912K
  class space    used 1818K, capacity 1906K, committed 1920K, reserved 1048576K

Card table byte_map: [0x0000000103f45000,0x0000000104346000] byte_map_base: 0x0000000100545000

Marking Bits: (ParMarkBitMap*) 0x000000010531ad20
 Begin Bits: [0x00000001059cc000, 0x00000001079cc000)
 End Bits:   [0x00000001079cc000, 0x00000001099cc000)

Polling page: 0x0000000103ac0000

CodeCache: size=245760Kb used=3178Kb max_used=3178Kb free=242582Kb
 bounds [0x000000010c0f3000, 0x000000010c413000, 0x000000011b0f3000]
 total_blobs=1423 nmethods=878 adapters=459
 compilation: enabled

Compilation events (10 events):
Event: 4.049 Thread 0x00007fa62b809800  873       3       sun.reflect.ReflectionFactory::checkInitted (19 bytes)
Event: 4.050 Thread 0x00007fa62b809800 nmethod 873 0x000000010c40cad0 code [0x000000010c40cc60, 0x000000010c40cf28]
Event: 4.057 Thread 0x00007fa62b809800  876       3       java.lang.Short::hashCode (8 bytes)
Event: 4.058 Thread 0x00007fa62b809800 nmethod 876 0x000000010c40d410 code [0x000000010c40d580, 0x000000010c40d730]
Event: 4.058 Thread 0x00007fa62b809800  875   !   3       java.util.Collections$SynchronizedCollection::add (25 bytes)
Event: 4.058 Thread 0x00007fa62b809800 nmethod 875 0x000000010c40d7d0 code [0x000000010c40d940, 0x000000010c40dd08]
Event: 4.058 Thread 0x00007fa62b809800  877       3       java.nio.Buffer::remaining (10 bytes)
Event: 4.058 Thread 0x00007fa62b809800 nmethod 877 0x000000010c40de50 code [0x000000010c40dfa0, 0x000000010c40e0f0]
Event: 4.060 Thread 0x00007fa62b809800  878       3       java.util.Objects::requireNonNull (15 bytes)
Event: 4.060 Thread 0x00007fa62b809800 nmethod 878 0x000000010c40e150 code [0x000000010c40e2c0, 0x000000010c40e4e8]

GC Heap History (0 events):
No events

Deoptimization events (2 events):
Event: 3.887 Thread 0x00007fa62880b800 Uncommon trap: reason=unstable_if action=reinterpret pc=0x000000010c34d49c method=java.lang.String.toLowerCase(Ljava/util/Locale;)Ljava/lang/String; @ 22
Event: 3.938 Thread 0x00007fa62880b800 Uncommon trap: reason=unstable_if action=reinterpret pc=0x000000010c288f9c method=java.lang.String.replace(CC)Ljava/lang/String; @ 26

Internal exceptions (10 events):
Event: 0.171 Thread 0x00007fa62880b800 Exception <a 'java/security/PrivilegedActionException'> (0x0000000795852ea0) thrown at [/Users/java_re/workspace/8-2-build-macosx-x86_64/jdk8u111/7883/hotspot/src/share/vm/prims/jvm.cpp, line 1386]
Event: 0.171 Thread 0x00007fa62880b800 Exception <a 'java/security/PrivilegedActionException'> (0x00000007958530b0) thrown at [/Users/java_re/workspace/8-2-build-macosx-x86_64/jdk8u111/7883/hotspot/src/share/vm/prims/jvm.cpp, line 1386]
Event: 0.171 Thread 0x00007fa62880b800 Exception <a 'java/security/PrivilegedActionException'> (0x00000007958566d8) thrown at [/Users/java_re/workspace/8-2-build-macosx-x86_64/jdk8u111/7883/hotspot/src/share/vm/prims/jvm.cpp, line 1386]
Event: 0.171 Thread 0x00007fa62880b800 Exception <a 'java/security/PrivilegedActionException'> (0x00000007958568e8) thrown at [/Users/java_re/workspace/8-2-build-macosx-x86_64/jdk8u111/7883/hotspot/src/share/vm/prims/jvm.cpp, line 1386]
Event: 0.250 Thread 0x00007fa62880b800 Exception <a 'java/lang/NoSuchFieldError': method resolution failed> (0x000000079595cd28) thrown at [/Users/java_re/workspace/8-2-build-macosx-x86_64/jdk8u111/7883/hotspot/src/share/vm/prims/methodHandles.cpp, line 1146]
Event: 0.256 Thread 0x00007fa62880b800 Exception <a 'java/lang/NoSuchFieldError': method resolution failed> (0x000000079596a478) thrown at [/Users/java_re/workspace/8-2-build-macosx-x86_64/jdk8u111/7883/hotspot/src/share/vm/prims/methodHandles.cpp, line 1146]
Event: 0.517 Thread 0x00007fa62880b800 Exception <a 'java/io/FileNotFoundException'> (0x00000007959e53e0) thrown at [/Users/java_re/workspace/8-2-build-macosx-x86_64/jdk8u111/7883/hotspot/src/share/vm/prims/jni.cpp, line 709]
Event: 0.517 Thread 0x00007fa62880b800 Exception <a 'java/io/FileNotFoundException'> (0x00000007959e5fe8) thrown at [/Users/java_re/workspace/8-2-build-macosx-x86_64/jdk8u111/7883/hotspot/src/share/vm/prims/jni.cpp, line 709]
Event: 0.578 Thread 0x00007fa629a6b000 Exception <a 'java/io/FileNotFoundException'> (0x0000000795af25e8) thrown at [/Users/java_re/workspace/8-2-build-macosx-x86_64/jdk8u111/7883/hotspot/src/share/vm/prims/jni.cpp, line 709]
Event: 0.761 Thread 0x00007fa629a6b000 Exception <a 'java/lang/NoClassDefFoundError'> (0x0000000795c49aa0) thrown at [/Users/java_re/workspace/8-2-build-macosx-x86_64/jdk8u111/7883/hotspot/src/share/vm/prims/jvm.cpp, line 1390]

Events (10 events):
Event: 4.059 loading class org/lwjgl/opengl/ContextImplementation
Event: 4.059 loading class org/lwjgl/opengl/ContextImplementation done
Event: 4.059 loading class org/lwjgl/opengl/MacOSXContextImplementation
Event: 4.059 loading class org/lwjgl/opengl/MacOSXContextImplementation done
Event: 4.060 loading class org/lwjgl/opengl/GLContext
Event: 4.060 loading class org/lwjgl/opengl/GLContext done
Event: 4.061 loading class java/lang/NumberFormatException
Event: 4.061 loading class java/lang/NumberFormatException done
Event: 4.061 loading class org/lwjgl/opengl/GLContext$CapabilitiesCacheEntry
Event: 4.061 loading class org/lwjgl/opengl/GLContext$CapabilitiesCacheEntry done


Dynamic libraries:
0x0000000009309000 	/System/Library/Frameworks/Cocoa.framework/Versions/A/Cocoa
0x0000000009309000 	/System/Library/Frameworks/AppKit.framework/Versions/C/AppKit
0x0000000009309000 	/System/Library/Frameworks/CoreData.framework/Versions/A/CoreData
0x0000000009309000 	/System/Library/Frameworks/Foundation.framework/Versions/C/Foundation
0x0000000009309000 	/usr/lib/libSystem.B.dylib
0x0000000009309000 	/System/Library/PrivateFrameworks/UIFoundation.framework/Versions/A/UIFoundation
0x0000000009309000 	/System/Library/PrivateFrameworks/RemoteViewServices.framework/Versions/A/RemoteViewServices
0x0000000009309000 	/System/Library/PrivateFrameworks/XCTTargetBootstrap.framework/Versions/A/XCTTargetBootstrap
0x0000000009309000 	/System/Library/PrivateFrameworks/InternationalSupport.framework/Versions/A/InternationalSupport
0x0000000009309000 	/System/Library/PrivateFrameworks/UserActivity.framework/Versions/A/UserActivity
0x0000000009309000 	/usr/lib/libspindump.dylib
0x0000000009309000 	/System/Library/Frameworks/UniformTypeIdentifiers.framework/Versions/A/UniformTypeIdentifiers
0x0000000009309000 	/usr/lib/libapp_launch_measurement.dylib
0x0000000009309000 	/System/Library/PrivateFrameworks/CoreAnalytics.framework/Versions/A/CoreAnalytics
0x0000000009309000 	/System/Library/PrivateFrameworks/CoreAutoLayout.framework/Versions/A/CoreAutoLayout
0x0000000009309000 	/System/Library/Frameworks/Metal.framework/Versions/A/Metal
0x0000000009309000 	/usr/lib/liblangid.dylib
0x0000000009309000 	/System/Library/PrivateFrameworks/CoreSVG.framework/Versions/A/CoreSVG
0x0000000009309000 	/System/Library/PrivateFrameworks/SkyLight.framework/Versions/A/SkyLight
0x0000000009309000 	/System/Library/Frameworks/CoreGraphics.framework/Versions/A/CoreGraphics
0x0000000009309000 	/System/Library/Frameworks/Accelerate.framework/Versions/A/Accelerate
0x0000000009309000 	/System/Library/PrivateFrameworks/IconServices.framework/Versions/A/IconServices
0x0000000009309000 	/System/Library/Frameworks/IOSurface.framework/Versions/A/IOSurface
0x0000000009309000 	/usr/lib/libDiagnosticMessagesClient.dylib
0x0000000009309000 	/usr/lib/libz.1.dylib
0x0000000009309000 	/System/Library/Frameworks/ApplicationServices.framework/Versions/A/ApplicationServices
0x0000000009309000 	/System/Library/PrivateFrameworks/DFRFoundation.framework/Versions/A/DFRFoundation
0x0000000009309000 	/usr/lib/libicucore.A.dylib
0x0000000009309000 	/System/Library/Frameworks/AudioToolbox.framework/Versions/A/AudioToolbox
0x0000000009309000 	/System/Library/PrivateFrameworks/DataDetectorsCore.framework/Versions/A/DataDetectorsCore
0x0000000009309000 	/System/Library/PrivateFrameworks/TextInput.framework/Versions/A/TextInput
0x0000000009309000 	/usr/lib/libMobileGestalt.dylib
0x0000000009309000 	/System/Library/Frameworks/Carbon.framework/Versions/A/Frameworks/HIToolbox.framework/Versions/A/HIToolbox
0x0000000009309000 	/System/Library/Frameworks/QuartzCore.framework/Versions/A/QuartzCore
0x0000000009309000 	/System/Library/Frameworks/Security.framework/Versions/A/Security
0x0000000009309000 	/System/Library/Frameworks/Carbon.framework/Versions/A/Frameworks/SpeechRecognition.framework/Versions/A/SpeechRecognition
0x0000000009309000 	/System/Library/PrivateFrameworks/CoreUI.framework/Versions/A/CoreUI
0x0000000009309000 	/System/Library/Frameworks/CoreAudio.framework/Versions/A/CoreAudio
0x0000000009309000 	/System/Library/Frameworks/DiskArbitration.framework/Versions/A/DiskArbitration
0x0000000009309000 	/System/Library/PrivateFrameworks/MultitouchSupport.framework/Versions/A/MultitouchSupport
0x0000000009309000 	/usr/lib/libenergytrace.dylib
0x0000000009309000 	/System/Library/Frameworks/IOKit.framework/Versions/A/IOKit
0x0000000009309000 	/System/Library/Frameworks/CoreServices.framework/Versions/A/CoreServices
0x0000000009309000 	/System/Library/PrivateFrameworks/PerformanceAnalysis.framework/Versions/A/PerformanceAnalysis
0x0000000009309000 	/System/Library/Frameworks/OpenGL.framework/Versions/A/OpenGL
0x0000000009309000 	/System/Library/PrivateFrameworks/MobileKeyBag.framework/Versions/A/MobileKeyBag
0x0000000009309000 	/usr/lib/libobjc.A.dylib
0x0000000009309000 	/System/Library/Frameworks/ColorSync.framework/Versions/A/ColorSync
0x0000000009309000 	/System/Library/Frameworks/CoreFoundation.framework/Versions/A/CoreFoundation
0x0000000009309000 	/System/Library/Frameworks/CoreImage.framework/Versions/A/CoreImage
0x0000000009309000 	/System/Library/Frameworks/CoreText.framework/Versions/A/CoreText
0x0000000009309000 	/System/Library/Frameworks/ImageIO.framework/Versions/A/ImageIO
0x0000000009309000 	/System/Library/PrivateFrameworks/SoftLinking.framework/Versions/A/SoftLinking
0x0000000009309000 	/usr/lib/libxml2.2.dylib
0x0000000009309000 	/usr/lib/libc++.1.dylib
0x0000000009309000 	/usr/lib/libcompression.dylib
0x0000000009309000 	/System/Library/PrivateFrameworks/TextureIO.framework/Versions/A/TextureIO
0x0000000009309000 	/usr/lib/libate.dylib
0x0000000009309000 	/usr/lib/system/libcache.dylib
0x0000000009309000 	/usr/lib/system/libcommonCrypto.dylib
0x0000000009309000 	/usr/lib/system/libcompiler_rt.dylib
0x0000000009309000 	/usr/lib/system/libcopyfile.dylib
0x0000000009309000 	/usr/lib/system/libcorecrypto.dylib
0x0000000009309000 	/usr/lib/system/libdispatch.dylib
0x0000000009309000 	/usr/lib/system/libdyld.dylib
0x0000000009309000 	/usr/lib/system/libkeymgr.dylib
0x0000000009309000 	/usr/lib/system/libmacho.dylib
0x0000000009309000 	/usr/lib/system/libquarantine.dylib
0x0000000009309000 	/usr/lib/system/libremovefile.dylib
0x0000000009309000 	/usr/lib/system/libsystem_asl.dylib
0x0000000009309000 	/usr/lib/system/libsystem_blocks.dylib
0x0000000009309000 	/usr/lib/system/libsystem_c.dylib
0x0000000009309000 	/usr/lib/system/libsystem_collections.dylib
0x0000000009309000 	/usr/lib/system/libsystem_configuration.dylib
0x0000000009309000 	/usr/lib/system/libsystem_containermanager.dylib
0x0000000009309000 	/usr/lib/system/libsystem_coreservices.dylib
0x0000000009309000 	/usr/lib/system/libsystem_darwin.dylib
0x0000000009309000 	/usr/lib/system/libsystem_dnssd.dylib
0x0000000009309000 	/usr/lib/system/libsystem_featureflags.dylib
0x0000000009309000 	/usr/lib/system/libsystem_info.dylib
0x0000000009309000 	/usr/lib/system/libsystem_m.dylib
0x0000000009309000 	/usr/lib/system/libsystem_malloc.dylib
0x0000000009309000 	/usr/lib/system/libsystem_networkextension.dylib
0x0000000009309000 	/usr/lib/system/libsystem_notify.dylib
0x0000000009309000 	/usr/lib/system/libsystem_product_info_filter.dylib
0x0000000009309000 	/usr/lib/system/libsystem_sandbox.dylib
0x0000000009309000 	/usr/lib/system/libsystem_secinit.dylib
0x0000000009309000 	/usr/lib/system/libsystem_kernel.dylib
0x0000000009309000 	/usr/lib/system/libsystem_platform.dylib
0x0000000009309000 	/usr/lib/system/libsystem_pthread.dylib
0x0000000009309000 	/usr/lib/system/libsystem_symptoms.dylib
0x0000000009309000 	/usr/lib/system/libsystem_trace.dylib
0x0000000009309000 	/usr/lib/system/libunwind.dylib
0x0000000009309000 	/usr/lib/system/libxpc.dylib
0x0000000009309000 	/usr/lib/libc++abi.dylib
0x0000000009309000 	/usr/lib/liboah.dylib
0x0000000009309000 	/usr/lib/liblzma.5.dylib
0x0000000009309000 	/System/Library/Frameworks/SystemConfiguration.framework/Versions/A/SystemConfiguration
0x0000000009309000 	/usr/lib/libfakelink.dylib
0x0000000009309000 	/System/Library/Frameworks/CFNetwork.framework/Versions/A/CFNetwork
0x0000000009309000 	/usr/lib/libarchive.2.dylib
0x0000000009309000 	/System/Library/PrivateFrameworks/AppleSystemInfo.framework/Versions/A/AppleSystemInfo
0x0000000009309000 	/usr/lib/libbsm.0.dylib
0x0000000009309000 	/usr/lib/libnetwork.dylib
0x0000000009309000 	/usr/lib/system/libkxld.dylib
0x0000000009309000 	/System/Library/PrivateFrameworks/IOMobileFramebuffer.framework/Versions/A/IOMobileFramebuffer
0x0000000009309000 	/usr/lib/libCoreEntitlements.dylib
0x0000000009309000 	/System/Library/PrivateFrameworks/AppleFSCompression.framework/Versions/A/AppleFSCompression
0x0000000009309000 	/usr/lib/libcoretls.dylib
0x0000000009309000 	/usr/lib/libcoretls_cfhelpers.dylib
0x0000000009309000 	/usr/lib/libpam.2.dylib
0x0000000009309000 	/usr/lib/libsqlite3.dylib
0x0000000009309000 	/usr/lib/libxar.1.dylib
0x0000000009309000 	/usr/lib/libbz2.1.0.dylib
0x0000000009309000 	/usr/lib/libpcap.A.dylib
0x0000000009309000 	/usr/lib/libdns_services.dylib
0x0000000009309000 	/usr/lib/libapple_nghttp2.dylib
0x0000000009309000 	/usr/lib/libiconv.2.dylib
0x0000000009309000 	/usr/lib/libcharset.1.dylib
0x0000000009309000 	/System/Library/Frameworks/CoreServices.framework/Versions/A/Frameworks/FSEvents.framework/Versions/A/FSEvents
0x0000000009309000 	/System/Library/Frameworks/CoreServices.framework/Versions/A/Frameworks/CarbonCore.framework/Versions/A/CarbonCore
0x0000000009309000 	/System/Library/Frameworks/CoreServices.framework/Versions/A/Frameworks/Metadata.framework/Versions/A/Metadata
0x0000000009309000 	/System/Library/Frameworks/CoreServices.framework/Versions/A/Frameworks/OSServices.framework/Versions/A/OSServices
0x0000000009309000 	/System/Library/Frameworks/CoreServices.framework/Versions/A/Frameworks/SearchKit.framework/Versions/A/SearchKit
0x0000000009309000 	/System/Library/Frameworks/CoreServices.framework/Versions/A/Frameworks/AE.framework/Versions/A/AE
0x0000000009309000 	/System/Library/Frameworks/CoreServices.framework/Versions/A/Frameworks/LaunchServices.framework/Versions/A/LaunchServices
0x0000000009309000 	/System/Library/Frameworks/CoreServices.framework/Versions/A/Frameworks/DictionaryServices.framework/Versions/A/DictionaryServices
0x0000000009309000 	/System/Library/Frameworks/CoreServices.framework/Versions/A/Frameworks/SharedFileList.framework/Versions/A/SharedFileList
0x0000000009309000 	/usr/lib/libCheckFix.dylib
0x0000000009309000 	/System/Library/PrivateFrameworks/TCC.framework/Versions/A/TCC
0x0000000009309000 	/System/Library/PrivateFrameworks/CoreNLP.framework/Versions/A/CoreNLP
0x0000000009309000 	/System/Library/PrivateFrameworks/MetadataUtilities.framework/Versions/A/MetadataUtilities
0x0000000009309000 	/usr/lib/libmecabra.dylib
0x0000000009309000 	/usr/lib/libmecab.dylib
0x0000000009309000 	/usr/lib/libCRFSuite.dylib
0x0000000009309000 	/usr/lib/libgermantok.dylib
0x0000000009309000 	/usr/lib/libThaiTokenizer.dylib
0x0000000009309000 	/System/Library/Frameworks/Accelerate.framework/Versions/A/Frameworks/vImage.framework/Versions/A/vImage
0x0000000009309000 	/System/Library/Frameworks/Accelerate.framework/Versions/A/Frameworks/vecLib.framework/Versions/A/vecLib
0x0000000009309000 	/System/Library/Frameworks/Accelerate.framework/Versions/A/Frameworks/vecLib.framework/Versions/A/libvMisc.dylib
0x0000000009309000 	/System/Library/Frameworks/Accelerate.framework/Versions/A/Frameworks/vecLib.framework/Versions/A/libvDSP.dylib
0x0000000009309000 	/System/Library/Frameworks/Accelerate.framework/Versions/A/Frameworks/vecLib.framework/Versions/A/libBLAS.dylib
0x0000000009309000 	/System/Library/Frameworks/Accelerate.framework/Versions/A/Frameworks/vecLib.framework/Versions/A/libLAPACK.dylib
0x0000000009309000 	/System/Library/Frameworks/Accelerate.framework/Versions/A/Frameworks/vecLib.framework/Versions/A/libLinearAlgebra.dylib
0x0000000009309000 	/System/Library/Frameworks/Accelerate.framework/Versions/A/Frameworks/vecLib.framework/Versions/A/libSparseBLAS.dylib
0x0000000009309000 	/System/Library/Frameworks/Accelerate.framework/Versions/A/Frameworks/vecLib.framework/Versions/A/libQuadrature.dylib
0x0000000009309000 	/System/Library/Frameworks/Accelerate.framework/Versions/A/Frameworks/vecLib.framework/Versions/A/libBNNS.dylib
0x0000000009309000 	/System/Library/Frameworks/Accelerate.framework/Versions/A/Frameworks/vecLib.framework/Versions/A/libSparse.dylib
0x0000000009309000 	/System/Library/PrivateFrameworks/LinguisticData.framework/Versions/A/LinguisticData
0x0000000009309000 	/System/Library/PrivateFrameworks/Lexicon.framework/Versions/A/Lexicon
0x0000000009309000 	/usr/lib/libChineseTokenizer.dylib
0x0000000009309000 	/System/Library/PrivateFrameworks/LanguageModeling.framework/Versions/A/LanguageModeling
0x0000000009309000 	/System/Library/PrivateFrameworks/AppleSauce.framework/Versions/A/AppleSauce
0x0000000009309000 	/System/Library/PrivateFrameworks/CoreEmoji.framework/Versions/A/CoreEmoji
0x0000000009309000 	/usr/lib/libcmph.dylib
0x0000000009309000 	/System/Library/Frameworks/OpenDirectory.framework/Versions/A/Frameworks/CFOpenDirectory.framework/Versions/A/CFOpenDirectory
0x0000000009309000 	/System/Library/Frameworks/OpenDirectory.framework/Versions/A/OpenDirectory
0x0000000009309000 	/System/Library/PrivateFrameworks/APFS.framework/Versions/A/APFS
0x0000000009309000 	/System/Library/Frameworks/SecurityFoundation.framework/Versions/A/SecurityFoundation
0x0000000009309000 	/usr/lib/libutil.dylib
0x0000000009309000 	/System/Library/PrivateFrameworks/CoreServicesStore.framework/Versions/A/CoreServicesStore
0x0000000009309000 	/usr/lib/libxslt.1.dylib
0x0000000009309000 	/System/Library/PrivateFrameworks/BackgroundTaskManagement.framework/Versions/A/BackgroundTaskManagement
0x0000000009309000 	/System/Library/Frameworks/ImageIO.framework/Versions/A/Resources/libRadiance.dylib
0x0000000009309000 	/System/Library/Frameworks/ImageIO.framework/Versions/A/Resources/libJPEG.dylib
0x0000000009309000 	/System/Library/Frameworks/ImageIO.framework/Versions/A/Resources/libPng.dylib
0x0000000009309000 	/System/Library/Frameworks/ImageIO.framework/Versions/A/Resources/libTIFF.dylib
0x0000000009309000 	/System/Library/Frameworks/ImageIO.framework/Versions/A/Resources/libGIF.dylib
0x0000000009309000 	/System/Library/Frameworks/ImageIO.framework/Versions/A/Resources/libJP2.dylib
0x0000000009309000 	/usr/lib/libexpat.1.dylib
0x0000000009309000 	/System/Library/PrivateFrameworks/AppleJPEG.framework/Versions/A/AppleJPEG
0x0000000009309000 	/System/Library/PrivateFrameworks/FontServices.framework/libFontParser.dylib
0x0000000009309000 	/System/Library/PrivateFrameworks/RunningBoardServices.framework/Versions/A/RunningBoardServices
0x0000000009309000 	/System/Library/PrivateFrameworks/IOSurfaceAccelerator.framework/Versions/A/IOSurfaceAccelerator
0x0000000009309000 	/System/Library/PrivateFrameworks/WatchdogClient.framework/Versions/A/WatchdogClient
0x0000000009309000 	/System/Library/Frameworks/CoreDisplay.framework/Versions/A/CoreDisplay
0x0000000009309000 	/System/Library/Frameworks/CoreMedia.framework/Versions/A/CoreMedia
0x0000000009309000 	/System/Library/PrivateFrameworks/IOAccelerator.framework/Versions/A/IOAccelerator
0x0000000009309000 	/System/Library/Frameworks/CoreVideo.framework/Versions/A/CoreVideo
0x0000000009309000 	/System/Library/Frameworks/MetalPerformanceShaders.framework/Versions/A/MetalPerformanceShaders
0x0000000009309000 	/System/Library/Frameworks/VideoToolbox.framework/Versions/A/VideoToolbox
0x0000000009309000 	/System/Library/PrivateFrameworks/BaseBoard.framework/Versions/A/BaseBoard
0x0000000009309000 	/System/Library/PrivateFrameworks/ProtocolBuffer.framework/Versions/A/ProtocolBuffer
0x0000000009309000 	/System/Library/PrivateFrameworks/GPUWrangler.framework/Versions/A/GPUWrangler
0x0000000009309000 	/System/Library/PrivateFrameworks/IOPresentment.framework/Versions/A/IOPresentment
0x0000000009309000 	/System/Library/PrivateFrameworks/DSExternalDisplay.framework/Versions/A/DSExternalDisplay
0x0000000009309000 	/System/Library/Frameworks/OpenGL.framework/Versions/A/Libraries/libCoreFSCache.dylib
0x0000000009309000 	/System/Library/PrivateFrameworks/GPUCompiler.framework/Versions/31001/Libraries/libGPUCompilerUtils.dylib
0x0000000009309000 	/System/Library/PrivateFrameworks/CMCaptureCore.framework/Versions/A/CMCaptureCore
0x0000000009309000 	/System/Library/PrivateFrameworks/AppServerSupport.framework/Versions/A/AppServerSupport
0x0000000009309000 	/System/Library/PrivateFrameworks/perfdata.framework/Versions/A/perfdata
0x0000000009309000 	/System/Library/PrivateFrameworks/AudioToolboxCore.framework/Versions/A/AudioToolboxCore
0x0000000009309000 	/System/Library/PrivateFrameworks/caulk.framework/Versions/A/caulk
0x0000000009309000 	/usr/lib/libAudioStatistics.dylib
0x0000000009309000 	/System/Library/PrivateFrameworks/SystemPolicy.framework/Versions/A/SystemPolicy
0x0000000009309000 	/usr/lib/libSMC.dylib
0x0000000009309000 	/System/Library/Frameworks/CoreMIDI.framework/Versions/A/CoreMIDI
0x0000000009309000 	/usr/lib/libAudioToolboxUtility.dylib
0x0000000009309000 	/System/Library/PrivateFrameworks/OSAServicesClient.framework/Versions/A/OSAServicesClient
0x0000000009309000 	/usr/lib/libperfcheck.dylib
0x0000000009309000 	/usr/lib/libmis.dylib
0x0000000009309000 	/System/Library/Frameworks/OpenGL.framework/Versions/A/Libraries/libGLU.dylib
0x0000000009309000 	/System/Library/Frameworks/OpenGL.framework/Versions/A/Libraries/libGFXShared.dylib
0x0000000009309000 	/System/Library/Frameworks/OpenGL.framework/Versions/A/Libraries/libGL.dylib
0x0000000009309000 	/System/Library/Frameworks/OpenGL.framework/Versions/A/Libraries/libGLImage.dylib
0x0000000009309000 	/System/Library/Frameworks/OpenGL.framework/Versions/A/Libraries/libCVMSPluginSupport.dylib
0x0000000009309000 	/System/Library/Frameworks/OpenGL.framework/Versions/A/Libraries/libCoreVMClient.dylib
0x0000000009309000 	/System/Library/Frameworks/MetalPerformanceShaders.framework/Versions/A/Frameworks/MPSCore.framework/Versions/A/MPSCore
0x0000000009309000 	/System/Library/Frameworks/MetalPerformanceShaders.framework/Versions/A/Frameworks/MPSImage.framework/Versions/A/MPSImage
0x0000000009309000 	/System/Library/Frameworks/MetalPerformanceShaders.framework/Versions/A/Frameworks/MPSNeuralNetwork.framework/Versions/A/MPSNeuralNetwork
0x0000000009309000 	/System/Library/Frameworks/MetalPerformanceShaders.framework/Versions/A/Frameworks/MPSMatrix.framework/Versions/A/MPSMatrix
0x0000000009309000 	/System/Library/Frameworks/MetalPerformanceShaders.framework/Versions/A/Frameworks/MPSRayIntersector.framework/Versions/A/MPSRayIntersector
0x0000000009309000 	/System/Library/Frameworks/MetalPerformanceShaders.framework/Versions/A/Frameworks/MPSNDArray.framework/Versions/A/MPSNDArray
0x0000000009309000 	/System/Library/Frameworks/MetalPerformanceShaders.framework/Versions/A/Frameworks/MPSFunctions.framework/Versions/A/MPSFunctions
0x0000000009309000 	/System/Library/PrivateFrameworks/MetalTools.framework/Versions/A/MetalTools
0x0000000009309000 	/System/Library/PrivateFrameworks/AggregateDictionary.framework/Versions/A/AggregateDictionary
0x0000000009309000 	/usr/lib/libIOReport.dylib
0x0000000009309000 	/System/Library/Frameworks/OpenCL.framework/Versions/A/OpenCL
0x0000000009309000 	/System/Library/PrivateFrameworks/FaceCore.framework/Versions/A/FaceCore
0x0000000009309000 	/System/Library/PrivateFrameworks/GraphVisualizer.framework/Versions/A/GraphVisualizer
0x0000000009309000 	/System/Library/PrivateFrameworks/FontServices.framework/Versions/A/FontServices
0x0000000009309000 	/System/Library/PrivateFrameworks/OTSVG.framework/Versions/A/OTSVG
0x0000000009309000 	/System/Library/Frameworks/ApplicationServices.framework/Versions/A/Frameworks/ATS.framework/Versions/A/Resources/libFontRegistry.dylib
0x0000000009309000 	/System/Library/PrivateFrameworks/FontServices.framework/libhvf.dylib
0x0000000009309000 	/System/Library/PrivateFrameworks/FontServices.framework/libXTFontStaticRegistryData.dylib
0x0000000009309000 	/System/Library/PrivateFrameworks/AppleVA.framework/Versions/A/AppleVA
0x0000000009309000 	/System/Library/Frameworks/ApplicationServices.framework/Versions/A/Frameworks/ATS.framework/Versions/A/ATS
0x0000000009309000 	/System/Library/Frameworks/ApplicationServices.framework/Versions/A/Frameworks/HIServices.framework/Versions/A/HIServices
0x0000000009309000 	/System/Library/Frameworks/ApplicationServices.framework/Versions/A/Frameworks/PrintCore.framework/Versions/A/PrintCore
0x0000000009309000 	/System/Library/Frameworks/ApplicationServices.framework/Versions/A/Frameworks/QD.framework/Versions/A/QD
0x0000000009309000 	/System/Library/Frameworks/ApplicationServices.framework/Versions/A/Frameworks/ColorSyncLegacy.framework/Versions/A/ColorSyncLegacy
0x0000000009309000 	/System/Library/Frameworks/ApplicationServices.framework/Versions/A/Frameworks/SpeechSynthesis.framework/Versions/A/SpeechSynthesis
0x0000000009309000 	/System/Library/Frameworks/ApplicationServices.framework/Versions/A/Frameworks/ATSUI.framework/Versions/A/ATSUI
0x0000000009309000 	/usr/lib/libcups.2.dylib
0x0000000009309000 	/System/Library/Frameworks/Kerberos.framework/Versions/A/Kerberos
0x0000000009309000 	/System/Library/Frameworks/GSS.framework/Versions/A/GSS
0x0000000009309000 	/usr/lib/libresolv.9.dylib
0x0000000009309000 	/System/Library/PrivateFrameworks/Heimdal.framework/Versions/A/Heimdal
0x0000000009309000 	/System/Library/Frameworks/Kerberos.framework/Versions/A/Libraries/libHeimdalProxy.dylib
0x0000000009309000 	/System/Library/Frameworks/Network.framework/Versions/A/Network
0x0000000009309000 	/usr/lib/libheimdal-asn1.dylib
0x0000000009309000 	/System/Library/PrivateFrameworks/CommonAuth.framework/Versions/A/CommonAuth
0x0000000009309000 	/System/Library/PrivateFrameworks/AudioSession.framework/Versions/A/AudioSession
0x0000000009309000 	/System/Library/PrivateFrameworks/MediaExperience.framework/Versions/A/MediaExperience
0x0000000009309000 	/System/Library/PrivateFrameworks/AudioSession.framework/libSessionUtility.dylib
0x0000000009309000 	/System/Library/PrivateFrameworks/AudioResourceArbitration.framework/Versions/A/AudioResourceArbitration
0x0000000009309000 	/System/Library/PrivateFrameworks/IconFoundation.framework/Versions/A/IconFoundation
0x0000000009309000 	/System/Library/PrivateFrameworks/SpeechRecognitionCore.framework/Versions/A/SpeechRecognitionCore
0x0000000104a2b000 	/Applications/jmonkeyplatform.app/Contents/Resources/jmonkeyplatform/jdk/jre/lib/server/libjvm.dylib
0x0000000009309000 	/usr/lib/libstdc++.6.dylib
0x0000000103acd000 	/Applications/jmonkeyplatform.app/Contents/Resources/jmonkeyplatform/jdk/jre/lib/libverify.dylib
0x0000000103b10000 	/Applications/jmonkeyplatform.app/Contents/Resources/jmonkeyplatform/jdk/jre/lib/libjava.dylib
0x0000000103ae4000 	/Applications/jmonkeyplatform.app/Contents/Resources/jmonkeyplatform/jdk/jre/lib/libzip.dylib
0x0000000009309000 	/System/Library/Frameworks/JavaRuntimeSupport.framework/Versions/A/JavaRuntimeSupport
0x0000000009309000 	/System/Library/Frameworks/Carbon.framework/Versions/A/Carbon
0x0000000009309000 	/System/Library/PrivateFrameworks/CoreSymbolication.framework/Versions/A/CoreSymbolication
0x0000000009309000 	/System/Library/Frameworks/Carbon.framework/Versions/A/Frameworks/CommonPanels.framework/Versions/A/CommonPanels
0x0000000009309000 	/System/Library/Frameworks/Carbon.framework/Versions/A/Frameworks/Help.framework/Versions/A/Help
0x0000000009309000 	/System/Library/Frameworks/Carbon.framework/Versions/A/Frameworks/ImageCapture.framework/Versions/A/ImageCapture
0x0000000009309000 	/System/Library/Frameworks/Carbon.framework/Versions/A/Frameworks/OpenScripting.framework/Versions/A/OpenScripting
0x0000000009309000 	/System/Library/Frameworks/Carbon.framework/Versions/A/Frameworks/Ink.framework/Versions/A/Ink
0x0000000009309000 	/System/Library/Frameworks/Carbon.framework/Versions/A/Frameworks/Print.framework/Versions/A/Print
0x0000000009309000 	/System/Library/Frameworks/Carbon.framework/Versions/A/Frameworks/SecurityHI.framework/Versions/A/SecurityHI
0x0000000009309000 	/System/Library/PrivateFrameworks/DebugSymbols.framework/Versions/A/DebugSymbols
0x000000011b17a000 	/Applications/jmonkeyplatform.app/Contents/Resources/jmonkeyplatform/jdk/jre/lib/libawt.dylib
0x000000011b2ee000 	/Applications/jmonkeyplatform.app/Contents/Resources/jmonkeyplatform/jdk/jre/lib/libmlib_image.dylib
0x0000000009309000 	/System/Library/Frameworks/JavaNativeFoundation.framework/Versions/A/JavaNativeFoundation
0x000000011b3ba000 	/Applications/jmonkeyplatform.app/Contents/Resources/jmonkeyplatform/jdk/jre/lib/libawt_lwawt.dylib
0x000000011b0f3000 	/Applications/jmonkeyplatform.app/Contents/Resources/jmonkeyplatform/jdk/jre/lib/libosxapp.dylib
0x0000000009309000 	/System/Library/Frameworks/ExceptionHandling.framework/Versions/A/ExceptionHandling
0x0000000009309000 	/System/Library/PrivateFrameworks/CoreServicesInternal.framework/Versions/A/CoreServicesInternal
0x0000000009309000 	/System/Library/Frameworks/FileProvider.framework/Versions/A/FileProvider
0x0000000009309000 	/System/Library/Frameworks/Accounts.framework/Versions/A/Accounts
0x0000000009309000 	/System/Library/PrivateFrameworks/GenerationalStorage.framework/Versions/A/GenerationalStorage
0x0000000009309000 	/System/Library/PrivateFrameworks/SymptomDiagnosticReporter.framework/Versions/A/SymptomDiagnosticReporter
0x0000000009309000 	/System/Library/PrivateFrameworks/DesktopServicesPriv.framework/Versions/A/DesktopServicesPriv
0x0000000009309000 	/usr/lib/libsandbox.1.dylib
0x0000000009309000 	/System/Library/PrivateFrameworks/UserManagement.framework/Versions/A/UserManagement
0x0000000009309000 	/System/Library/PrivateFrameworks/NetAuth.framework/Versions/A/NetAuth
0x0000000009309000 	/System/Library/PrivateFrameworks/Sharing.framework/Versions/A/Sharing
0x0000000009309000 	/System/Library/PrivateFrameworks/login.framework/Versions/A/Frameworks/loginsupport.framework/Versions/A/loginsupport
0x0000000009309000 	/System/Library/PrivateFrameworks/Apple80211.framework/Versions/A/Apple80211
0x0000000009309000 	/System/Library/PrivateFrameworks/AuthKit.framework/Versions/A/AuthKit
0x0000000009309000 	/System/Library/PrivateFrameworks/CoreUtils.framework/Versions/A/CoreUtils
0x0000000009309000 	/System/Library/Frameworks/CoreWLAN.framework/Versions/A/CoreWLAN
0x0000000009309000 	/System/Library/Frameworks/IOBluetooth.framework/Versions/A/IOBluetooth
0x0000000009309000 	/System/Library/PrivateFrameworks/CoreWiFi.framework/Versions/A/CoreWiFi
0x0000000009309000 	/System/Library/PrivateFrameworks/FrontBoardServices.framework/Versions/A/FrontBoardServices
0x0000000009309000 	/System/Library/PrivateFrameworks/BoardServices.framework/Versions/A/BoardServices
0x0000000009309000 	/System/Library/PrivateFrameworks/AssertionServices.framework/Versions/A/AssertionServices
0x0000000009309000 	/System/Library/PrivateFrameworks/BackBoardServices.framework/Versions/A/BackBoardServices
0x0000000009309000 	/System/Library/PrivateFrameworks/CorePhoneNumbers.framework/Versions/A/CorePhoneNumbers
0x0000000009309000 	/System/Library/PrivateFrameworks/DiskManagement.framework/Versions/A/DiskManagement
0x0000000009309000 	/System/Library/PrivateFrameworks/AppleIDAuthSupport.framework/Versions/A/AppleIDAuthSupport
0x0000000009309000 	/System/Library/PrivateFrameworks/AAAFoundation.framework/Versions/A/AAAFoundation
0x0000000009309000 	/System/Library/PrivateFrameworks/KeychainCircle.framework/Versions/A/KeychainCircle
0x0000000009309000 	/System/Library/PrivateFrameworks/MediaKit.framework/Versions/A/MediaKit
0x0000000009309000 	/System/Library/Frameworks/DiscRecording.framework/Versions/A/DiscRecording
0x0000000009309000 	/usr/lib/libCoreStorage.dylib
0x0000000009309000 	/usr/lib/libcsfde.dylib
0x0000000009309000 	/System/Library/PrivateFrameworks/ProtectedCloudStorage.framework/Versions/A/ProtectedCloudStorage
0x0000000009309000 	/System/Library/PrivateFrameworks/EFILogin.framework/Versions/A/EFILogin
0x0000000009309000 	/System/Library/PrivateFrameworks/OctagonTrust.framework/Versions/A/OctagonTrust
0x0000000009309000 	/System/Library/PrivateFrameworks/CoreUtilsExtras.framework/Versions/A/CoreUtilsExtras
0x0000000009309000 	/System/Library/Frameworks/CoreBluetooth.framework/Versions/A/CoreBluetooth
0x0000000009309000 	/System/Library/Frameworks/AudioUnit.framework/Versions/A/AudioUnit
0x0000000009309000 	/usr/lib/libMatch.1.dylib
0x0000000009309000 	/System/Library/CoreServices/RawCamera.bundle/Contents/MacOS/RawCamera
0x0000000009309000 	/System/Library/PrivateFrameworks/MobileAsset.framework/Versions/A/MobileAsset
0x0000000009309000 	/System/Library/PrivateFrameworks/StreamingZip.framework/Versions/A/StreamingZip
0x0000000009309000 	/System/Library/PrivateFrameworks/CMPhoto.framework/Versions/A/CMPhoto
0x0000000009309000 	/System/Library/PrivateFrameworks/AppleVPA.framework/Versions/A/AppleVPA
0x0000000009309000 	/System/Library/Frameworks/MediaToolbox.framework/Versions/A/MediaToolbox
0x0000000009309000 	/System/Library/PrivateFrameworks/CoreAVCHD.framework/Versions/A/CoreAVCHD
0x0000000009309000 	/System/Library/Frameworks/MediaAccessibility.framework/Versions/A/MediaAccessibility
0x0000000009309000 	/System/Library/PrivateFrameworks/Mangrove.framework/Versions/A/Mangrove
0x0000000009309000 	/System/Library/PrivateFrameworks/AlgosScoreFramework.framework/Versions/A/AlgosScoreFramework
0x0000000009309000 	/System/Library/PrivateFrameworks/CoreAUC.framework/Versions/A/CoreAUC
0x0000000009309000 	/System/Library/Frameworks/Accelerate.framework/Versions/A/Frameworks/vImage.framework/Versions/A/Libraries/libCGInterfaces.dylib
0x000000011d73b000 	/usr/lib/libobjc-trampolines.dylib
0x0000000009309000 	/System/Library/PrivateFrameworks/FamilyControls.framework/Versions/A/FamilyControls
0x0000000009309000 	/System/Library/PrivateFrameworks/CommerceKit.framework/Versions/A/Frameworks/CommerceCore.framework/Versions/A/CommerceCore
0x0000000009309000 	/System/Library/PrivateFrameworks/SystemAdministration.framework/Versions/A/SystemAdministration
0x0000000009309000 	/System/Library/PrivateFrameworks/AppContainer.framework/Versions/A/AppContainer
0x0000000009309000 	/System/Library/PrivateFrameworks/SecCodeWrapper.framework/Versions/A/SecCodeWrapper
0x0000000009309000 	/System/Library/PrivateFrameworks/CrashReporterSupport.framework/Versions/A/CrashReporterSupport
0x0000000009309000 	/System/Library/PrivateFrameworks/OSAnalytics.framework/Versions/A/OSAnalytics
0x0000000009309000 	/System/Library/PrivateFrameworks/Symbolication.framework/Versions/A/Symbolication
0x0000000009309000 	/System/Library/PrivateFrameworks/MallocStackLogging.framework/Versions/A/MallocStackLogging
0x0000000009309000 	/System/Library/PrivateFrameworks/login.framework/Versions/A/login
0x0000000009309000 	/System/Library/Frameworks/DirectoryService.framework/Versions/A/DirectoryService
0x0000000009309000 	/System/Library/PrivateFrameworks/DiskImages.framework/Versions/A/DiskImages
0x0000000009309000 	/System/Library/Frameworks/ServiceManagement.framework/Versions/A/ServiceManagement
0x0000000009309000 	/System/Library/PrivateFrameworks/LoginUIKit.framework/Versions/A/Frameworks/LoginUICore.framework/Versions/A/LoginUICore
0x0000000009309000 	/usr/lib/libodfde.dylib
0x0000000009309000 	/usr/lib/libcurl.4.dylib
0x0000000009309000 	/usr/lib/libcrypto.44.dylib
0x0000000009309000 	/usr/lib/libssl.46.dylib
0x0000000009309000 	/System/Library/Frameworks/LDAP.framework/Versions/A/LDAP
0x0000000009309000 	/System/Library/PrivateFrameworks/TrustEvaluationAgent.framework/Versions/A/TrustEvaluationAgent
0x0000000009309000 	/usr/lib/libsasl2.2.dylib
0x0000000009309000 	/System/Library/PrivateFrameworks/CoreDaemon.framework/Versions/B/CoreDaemon
0x0000000009309000 	/System/Library/PrivateFrameworks/AppleSRP.framework/Versions/A/AppleSRP
0x0000000009309000 	/System/Library/PrivateFrameworks/ViewBridge.framework/Versions/A/ViewBridge
0x0000000009309000 	/usr/lib/libRosetta.dylib
0x000000011ecaf000 	/Applications/jmonkeyplatform.app/Contents/Resources/jmonkeyplatform/jdk/jre/lib/libfontmanager.dylib
0x0000000009309000 	/System/Library/Frameworks/OpenGL.framework/Versions/A/Resources/GLEngine.bundle/GLEngine
0x0000000009309000 	/System/Library/Frameworks/OpenGL.framework/Versions/A/Libraries/libGLProgrammability.dylib
0x0000000009309000 	/System/Library/Extensions/AppleIntelICLGraphicsGLDriver.bundle/Contents/MacOS/AppleIntelICLGraphicsGLDriver
0x0000000009309000 	/System/Library/PrivateFrameworks/GPUSupport.framework/Versions/A/Libraries/libGPUSupportMercury.dylib
0x0000000009309000 	/System/Library/Frameworks/OpenGL.framework/Versions/A/Resources/GLRendererFloat.bundle/GLRendererFloat
0x000000011f56f000 	/Applications/jmonkeyplatform.app/Contents/Resources/jmonkeyplatform/jdk/jre/lib/libosxui.dylib
0x000000011f586000 	/Applications/jmonkeyplatform.app/Contents/Resources/jmonkeyplatform/jdk/jre/lib/libosx.dylib
0x00000001204d8000 	/Applications/jmonkeyplatform.app/Contents/Resources/jmonkeyplatform/jdk/jre/lib/libnet.dylib
0x00000001204c1000 	/Applications/jmonkeyplatform.app/Contents/Resources/jmonkeyplatform/jdk/jre/lib/libnio.dylib
0x0000000009309000 	/System/Library/CoreServices/Encodings/libSimplifiedChineseConverter.dylib
0x0000000009309000 	/System/Library/Extensions/AppleIntelICLGraphicsMTLDriver.bundle/Contents/MacOS/AppleIntelICLGraphicsMTLDriver
0x0000000009309000 	/System/Library/PrivateFrameworks/GPURawCounter.framework/Versions/A/GPURawCounter
0x0000000153d56000 	/Users/saradottorini/Desktop/HelloNode/libbulletjme.dylib
0x000000011f99f000 	/Users/saradottorini/Desktop/HelloNode/libopenal.dylib
0x000000011f9fb000 	/Users/saradottorini/Desktop/HelloNode/liblwjgl.dylib
0x000000011f8ef000 	/Applications/jmonkeyplatform.app/Contents/Resources/jmonkeyplatform/jdk/jre/lib/libjawt.dylib

VM Arguments:
jvm_args: -Dfile.encoding=UTF-8 
java_command: mygame.HelloPicking
java_class_path (initial): /Applications/jmonkeyplatform.app/Contents/Resources/jmonkeyplatform/jmonkeyplatform/libs/jme3-jogg-3.1.0-stable.jar:/Applications/jmonkeyplatform.app/Contents/Resources/jmonkeyplatform/jmonkeyplatform/libs/j-ogg-all-1.0.0.jar:/Applications/jmonkeyplatform.app/Contents/Resources/jmonkeyplatform/jmonkeyplatform/libs/jme3-networking-3.1.0-stable.jar:/Applications/jmonkeyplatform.app/Contents/Resources/jmonkeyplatform/jmonkeyplatform/libs/jme3-plugins-3.1.0-stable.jar:/Applications/jmonkeyplatform.app/Contents/Resources/jmonkeyplatform/jmonkeyplatform/libs/jme3-core-3.1.0-stable.jar:/Applications/jmonkeyplatform.app/Contents/Resources/jmonkeyplatform/jmonkeyplatform/libs/jme3-desktop-3.1.0-stable.jar:/Applications/jmonkeyplatform.app/Contents/Resources/jmonkeyplatform/jmonkeyplatform/libs/jme3-lwjgl-3.1.0-stable.jar:/Applications/jmonkeyplatform.app/Contents/Resources/jmonkeyplatform/jmonkeyplatform/libs/lwjgl-platform-2.9.3-natives-linux.jar:/Applications/jmonkeyplatform.app/Contents/Resources/jmonkeyplatform/jmonkeyplatform/libs/lwjgl-platform-2.9.3-natives-osx.jar:/Applications/jmonkeyplatform.app/Contents/Resources/jmonkeyplatform/jmonkeyplatform/libs/lwjgl-platform-2.9.3-natives-windows.jar:/Applications/jmonkeyplatform.app/Contents/Resources/jmonkeyplatform/jmonkeyplatform/libs/jutils-1.0.0.jar:/Applications/jmonkeyplatform.app/Contents/Resources/jmonkeyplatform/jmonkeyplatform/libs/jinput-2.0.5.jar:/Applications/jmonkeyplatform.app/Contents/Resources/jmonkeyplatform/jmonkeyplatform/libs/lwjgl-2.9.3.jar:/Applications/jmonkeyplatform.app/Contents/Resources/jmonkeyplatform/jmonkeyplatform/libs/jinput-platform-2.0.5-natives-linux.jar:/Applications/jmonkeyplatform.app/Contents/Resources/jmonkeyplatform/jmonkeyplatform/libs/jinput-platform-2.0.5-natives-osx.jar:/Applications/jmonkeyplatform.app/Contents/Resources/jmonkeyplatform/jmonkeyplatform/libs/jinput-platform-2.0.5-natives-windows.jar:/Applications/jmonkeyplatform.app/Contents/Resour
Launcher Type: SUN_STANDARD

Environment Variables:
PATH=/usr/bin:/bin:/usr/sbin:/sbin
LD_LIBRARY_PATH=/Applications/jmonkeyplatform.app/Contents/MacOS/../Resources/jmonkeyplatform/bin/../jdk/jre/lib/amd64:/Applications/jmonkeyplatform.app/Contents/MacOS/../Resources/jmonkeyplatform/bin/../jdk/jre/lib/i386:
SHELL=/bin/zsh

Signal Handlers:
SIGSEGV: [libjvm.dylib+0x5b03ed], sa_mask[0]=11111111011111110111111111111111, sa_flags=SA_ONSTACK|SA_RESTART|SA_SIGINFO
SIGBUS: [libjvm.dylib+0x5b03ed], sa_mask[0]=11111111011111110111111111111111, sa_flags=SA_RESTART|SA_SIGINFO
SIGFPE: [libjvm.dylib+0x48711c], sa_mask[0]=11111111011111110111111111111111, sa_flags=SA_RESTART|SA_SIGINFO
SIGPIPE: [libjvm.dylib+0x48711c], sa_mask[0]=11111111011111110111111111111111, sa_flags=SA_RESTART|SA_SIGINFO
SIGXFSZ: [libjvm.dylib+0x48711c], sa_mask[0]=11111111011111110111111111111111, sa_flags=SA_RESTART|SA_SIGINFO
SIGILL: [libjvm.dylib+0x48711c], sa_mask[0]=11111111011111110111111111111111, sa_flags=SA_RESTART|SA_SIGINFO
SIGUSR1: SIG_DFL, sa_mask[0]=00000000000000000000000000000000, sa_flags=none
SIGUSR2: [libjvm.dylib+0x486c3a], sa_mask[0]=00100000000000000000000000000000, sa_flags=SA_RESTART|SA_SIGINFO
SIGHUP: [libjvm.dylib+0x485211], sa_mask[0]=11111111011111110111111111111111, sa_flags=SA_RESTART|SA_SIGINFO
SIGINT: SIG_IGN, sa_mask[0]=00000000000000000000000000000000, sa_flags=none
SIGTERM: [libjvm.dylib+0x485211], sa_mask[0]=11111111011111110111111111111111, sa_flags=SA_RESTART|SA_SIGINFO
SIGQUIT: [libjvm.dylib+0x485211], sa_mask[0]=11111111011111110111111111111111, sa_flags=SA_RESTART|SA_SIGINFO


---------------  S Y S T E M  ---------------

OS:Bsduname:Darwin 21.1.0 Darwin Kernel Version 21.1.0: Wed Oct 13 17:33:23 PDT 2021; root:xnu-8019.41.5~1/RELEASE_X86_64 x86_64
rlimit: STACK 8192k, CORE 0k, NPROC 1392, NOFILE 10240, AS infinity
load average:4.23 5.19 5.75

CPU:total 4 (2 cores per cpu, 2 threads per core) family 6 model 126 stepping 5, cmov, cx8, fxsr, mmx, sse, sse2, sse3, ssse3, sse4.1, sse4.2, popcnt, avx, avx2, aes, clmul, erms, 3dnowpref, lzcnt, ht, tsc, tscinvbit, bmi1, bmi2, adx

Memory: 4k page, physical 8388608k(703484k free)

/proc/meminfo:


vm_info: Java HotSpot(TM) 64-Bit Server VM (25.111-b14) for bsd-amd64 JRE (1.8.0_111-b14), built on Sep 22 2016 15:31:41 by "java_re" with gcc 4.2.1 (Based on Apple Inc. build 5658) (LLVM build 2336.11.00)

time: Thu Dec 16 20:10:44 2021
elapsed time: 4 seconds (0d 0h 0m 4s)

